This is pdfTeX, Version 3.14159265-2.6-1.40.19 (TeX Live 2018) (preloaded format=pdflatex 2018.9.25)  12 NOV 2018 15:04
entering extended mode
 restricted \write18 enabled.
 file:line:error style messages enabled.
 %&-line parsing enabled.
**RC-TP2-PL47.tex
(./RC-TP2-PL47.tex
LaTeX2e <2018-04-01> patch level 2
Babel <3.18> and hyphenation patterns for 84 language(s) loaded.
(./llncs.cls
Document Class: llncs 2018/03/10 v2.20 
 LaTeX document class for Lecture Notes in Computer Science
(/usr/local/texlive/2018/texmf-dist/tex/latex/base/article.cls
Document Class: article 2014/09/29 v1.4h Standard LaTeX document class
(/usr/local/texlive/2018/texmf-dist/tex/latex/base/size10.clo
File: size10.clo 2014/09/29 v1.4h Standard LaTeX file (size option)
)
\c@part=\count80
\c@section=\count81
\c@subsection=\count82
\c@subsubsection=\count83
\c@paragraph=\count84
\c@subparagraph=\count85
\c@figure=\count86
\c@table=\count87
\abovecaptionskip=\skip41
\belowcaptionskip=\skip42
\bibindent=\dimen102
)
(/usr/local/texlive/2018/texmf-dist/tex/latex/tools/multicol.sty
Package: multicol 2018/04/01 v1.8r multicolumn formatting (FMi)
\c@tracingmulticols=\count88
\mult@box=\box26
\multicol@leftmargin=\dimen103
\c@unbalance=\count89
\c@collectmore=\count90
\doublecol@number=\count91
\multicoltolerance=\count92
\multicolpretolerance=\count93
\full@width=\dimen104
\page@free=\dimen105
\premulticols=\dimen106
\postmulticols=\dimen107
\multicolsep=\skip43
\multicolbaselineskip=\skip44
\partial@page=\box27
\last@line=\box28
\maxbalancingoverflow=\dimen108
\mult@rightbox=\box29
\mult@grightbox=\box30
\mult@gfirstbox=\box31
\mult@firstbox=\box32
\@tempa=\box33
\@tempa=\box34
\@tempa=\box35
\@tempa=\box36
\@tempa=\box37
\@tempa=\box38
\@tempa=\box39
\@tempa=\box40
\@tempa=\box41
\@tempa=\box42
\@tempa=\box43
\@tempa=\box44
\@tempa=\box45
\@tempa=\box46
\@tempa=\box47
\@tempa=\box48
\@tempa=\box49
\c@columnbadness=\count94
\c@finalcolumnbadness=\count95
\last@try=\dimen109
\multicolovershoot=\dimen110
\multicolundershoot=\dimen111
\mult@nat@firstbox=\box50
\colbreak@box=\box51
\mc@col@check@num=\count96
)
(/usr/local/texlive/2018/texmf-dist/tex/latex/oberdiek/aliascnt.sty
Package: aliascnt 2016/05/16 v1.4 Alias counters (HO)

(/usr/local/texlive/2018/texmf-dist/tex/latex/carlisle/remreset.sty))
\c@chapter=\count97
LaTeX Font Info:    Redeclaring math symbol \Gamma on input line 362.
LaTeX Font Info:    Redeclaring math symbol \Delta on input line 363.
LaTeX Font Info:    Redeclaring math symbol \Theta on input line 364.
LaTeX Font Info:    Redeclaring math symbol \Lambda on input line 365.
LaTeX Font Info:    Redeclaring math symbol \Xi on input line 366.
LaTeX Font Info:    Redeclaring math symbol \Pi on input line 367.
LaTeX Font Info:    Redeclaring math symbol \Sigma on input line 368.
LaTeX Font Info:    Redeclaring math symbol \Upsilon on input line 369.
LaTeX Font Info:    Redeclaring math symbol \Phi on input line 370.
LaTeX Font Info:    Redeclaring math symbol \Psi on input line 371.
LaTeX Font Info:    Redeclaring math symbol \Omega on input line 372.
\tocchpnum=\dimen112
\tocsecnum=\dimen113
\tocsectotal=\dimen114
\tocsubsecnum=\dimen115
\tocsubsectotal=\dimen116
\tocsubsubsecnum=\dimen117
\tocsubsubsectotal=\dimen118
\tocparanum=\dimen119
\tocparatotal=\dimen120
\tocsubparanum=\dimen121
\@tempcntc=\count98
\fnindent=\dimen122
\c@@inst=\count99
\c@@auth=\count100
\c@auco=\count101
\instindent=\dimen123
\authrun=\box52
\authorrunning=\toks14
\tocauthor=\toks15
\titrun=\box53
\titlerunning=\toks16
\toctitle=\toks17
\c@theorem=\count102
\c@case=\count103
\c@conjecture=\count104
\c@corollary=\count105
\c@definition=\count106
\c@example=\count107
\c@exercise=\count108
\c@lemma=\count109
\c@note=\count110
\c@problem=\count111
\c@property=\count112
\c@proposition=\count113
\c@question=\count114
\c@solution=\count115
\c@remark=\count116
\headlineindent=\dimen124
)
(/usr/local/texlive/2018/texmf-dist/tex/latex/psnfss/times.sty
Package: times 2005/04/12 PSNFSS-v9.2a (SPQR) 
)
(/usr/local/texlive/2018/texmf-dist/tex/latex/base/fontenc.sty
Package: fontenc 2017/04/05 v2.0i Standard LaTeX package

(/usr/local/texlive/2018/texmf-dist/tex/latex/base/t1enc.def
File: t1enc.def 2017/04/05 v2.0i Standard LaTeX file
LaTeX Font Info:    Redeclaring font encoding T1 on input line 48.
))
(/usr/local/texlive/2018/texmf-dist/tex/latex/ntgclass/a4.sty
Package: a4 2004/04/15 v1.2g A4 based page layout
)
(/usr/local/texlive/2018/texmf-dist/tex/latex/oberdiek/epstopdf.sty
Package: epstopdf 2016/05/15 v2.6 Conversion with epstopdf on the fly (HO)

(/usr/local/texlive/2018/texmf-dist/tex/latex/oberdiek/epstopdf-base.sty
Package: epstopdf-base 2016/05/15 v2.6 Base part for package epstopdf

(/usr/local/texlive/2018/texmf-dist/tex/generic/oberdiek/infwarerr.sty
Package: infwarerr 2016/05/16 v1.4 Providing info/warning/error messages (HO)
)
(/usr/local/texlive/2018/texmf-dist/tex/latex/oberdiek/grfext.sty
Package: grfext 2016/05/16 v1.2 Manage graphics extensions (HO)

(/usr/local/texlive/2018/texmf-dist/tex/generic/oberdiek/kvdefinekeys.sty
Package: kvdefinekeys 2016/05/16 v1.4 Define keys (HO)

(/usr/local/texlive/2018/texmf-dist/tex/generic/oberdiek/ltxcmds.sty
Package: ltxcmds 2016/05/16 v1.23 LaTeX kernel commands for general use (HO)
)))
(/usr/local/texlive/2018/texmf-dist/tex/latex/oberdiek/kvoptions.sty
Package: kvoptions 2016/05/16 v3.12 Key value format for package options (HO)

(/usr/local/texlive/2018/texmf-dist/tex/latex/graphics/keyval.sty
Package: keyval 2014/10/28 v1.15 key=value parser (DPC)
\KV@toks@=\toks18
)
(/usr/local/texlive/2018/texmf-dist/tex/generic/oberdiek/kvsetkeys.sty
Package: kvsetkeys 2016/05/16 v1.17 Key value parser (HO)

(/usr/local/texlive/2018/texmf-dist/tex/generic/oberdiek/etexcmds.sty
Package: etexcmds 2016/05/16 v1.6 Avoid name clashes with e-TeX commands (HO)

(/usr/local/texlive/2018/texmf-dist/tex/generic/oberdiek/ifluatex.sty
Package: ifluatex 2016/05/16 v1.4 Provides the ifluatex switch (HO)
Package ifluatex Info: LuaTeX not detected.
)
Package etexcmds Info: Could not find \expanded.
(etexcmds)             That can mean that you are not using pdfTeX 1.50 or
(etexcmds)             that some package has redefined \expanded.
(etexcmds)             In the latter case, load this package earlier.
)))
(/usr/local/texlive/2018/texmf-dist/tex/generic/oberdiek/pdftexcmds.sty
Package: pdftexcmds 2018/01/30 v0.27 Utility functions of pdfTeX for LuaTeX (HO
)

(/usr/local/texlive/2018/texmf-dist/tex/generic/oberdiek/ifpdf.sty
Package: ifpdf 2017/03/15 v3.2 Provides the ifpdf switch
)
Package pdftexcmds Info: LuaTeX not detected.
Package pdftexcmds Info: \pdf@primitive is available.
Package pdftexcmds Info: \pdf@ifprimitive is available.
Package pdftexcmds Info: \pdfdraftmode found.
)

Package epstopdf Warning: No graphics package `graphic{s,x}' loaded.

)) (/usr/local/texlive/2018/texmf-dist/tex/latex/tools/indentfirst.sty
Package: indentfirst 1995/11/23 v1.03 Indent first paragraph (DPC)
)
(/usr/local/texlive/2018/texmf-dist/tex/latex/graphics/graphicx.sty
Package: graphicx 2017/06/01 v1.1a Enhanced LaTeX Graphics (DPC,SPQR)

(/usr/local/texlive/2018/texmf-dist/tex/latex/graphics/graphics.sty
Package: graphics 2017/06/25 v1.2c Standard LaTeX Graphics (DPC,SPQR)

(/usr/local/texlive/2018/texmf-dist/tex/latex/graphics/trig.sty
Package: trig 2016/01/03 v1.10 sin cos tan (DPC)
)
(/usr/local/texlive/2018/texmf-dist/tex/latex/graphics-cfg/graphics.cfg
File: graphics.cfg 2016/06/04 v1.11 sample graphics configuration
)
Package graphics Info: Driver file: pdftex.def on input line 99.

(/usr/local/texlive/2018/texmf-dist/tex/latex/graphics-def/pdftex.def
File: pdftex.def 2018/01/08 v1.0l Graphics/color driver for pdftex
))
\Gin@req@height=\dimen125
\Gin@req@width=\dimen126
)
(/usr/local/texlive/2018/texmf-dist/tex/latex/float/float.sty
Package: float 2001/11/08 v1.3d Float enhancements (AL)
\c@float@type=\count117
\float@exts=\toks19
\float@box=\box54
\@float@everytoks=\toks20
\@floatcapt=\box55
)
(/usr/local/texlive/2018/texmf-dist/tex/latex/fancyvrb/fancyvrb.sty
Package: fancyvrb 2008/02/07

Style option: `fancyvrb' v2.7a, with DG/SPQR fixes, and firstline=lastline fix 
<2008/02/07> (tvz)
\FV@CodeLineNo=\count118
\FV@InFile=\read1
\FV@TabBox=\box56
\c@FancyVerbLine=\count119
\FV@StepNumber=\count120
\FV@OutFile=\write3
)
(/usr/local/texlive/2018/texmf-dist/tex/latex/amsmath/amsmath.sty
Package: amsmath 2017/09/02 v2.17a AMS math features
\@mathmargin=\skip45

For additional information on amsmath, use the `?' option.
(/usr/local/texlive/2018/texmf-dist/tex/latex/amsmath/amstext.sty
Package: amstext 2000/06/29 v2.01 AMS text

(/usr/local/texlive/2018/texmf-dist/tex/latex/amsmath/amsgen.sty
File: amsgen.sty 1999/11/30 v2.0 generic functions
\@emptytoks=\toks21
\ex@=\dimen127
))
(/usr/local/texlive/2018/texmf-dist/tex/latex/amsmath/amsbsy.sty
Package: amsbsy 1999/11/29 v1.2d Bold Symbols
\pmbraise@=\dimen128
)
(/usr/local/texlive/2018/texmf-dist/tex/latex/amsmath/amsopn.sty
Package: amsopn 2016/03/08 v2.02 operator names
)
\inf@bad=\count121
LaTeX Info: Redefining \frac on input line 213.
\uproot@=\count122
\leftroot@=\count123
LaTeX Info: Redefining \overline on input line 375.
\classnum@=\count124
\DOTSCASE@=\count125
LaTeX Info: Redefining \ldots on input line 472.
LaTeX Info: Redefining \dots on input line 475.
LaTeX Info: Redefining \cdots on input line 596.
\Mathstrutbox@=\box57
\strutbox@=\box58
\big@size=\dimen129
LaTeX Font Info:    Redeclaring font encoding OML on input line 712.
LaTeX Font Info:    Redeclaring font encoding OMS on input line 713.


Package amsmath Warning: Unable to redefine math accent \vec.

\macc@depth=\count126
\c@MaxMatrixCols=\count127
\dotsspace@=\muskip10
\c@parentequation=\count128
\dspbrk@lvl=\count129
\tag@help=\toks22
\row@=\count130
\column@=\count131
\maxfields@=\count132
\andhelp@=\toks23
\eqnshift@=\dimen130
\alignsep@=\dimen131
\tagshift@=\dimen132
\tagwidth@=\dimen133
\totwidth@=\dimen134
\lineht@=\dimen135
\@envbody=\toks24
\multlinegap=\skip46
\multlinetaggap=\skip47
\mathdisplay@stack=\toks25
LaTeX Info: Redefining \[ on input line 2817.
LaTeX Info: Redefining \] on input line 2818.
) (./RC-TP2-PL47.aux

LaTeX Warning: Label `fig:2_e' multiply defined.

)
\openout1 = `RC-TP2-PL47.aux'.

LaTeX Font Info:    Checking defaults for OML/cmm/m/it on input line 18.
LaTeX Font Info:    ... okay on input line 18.
LaTeX Font Info:    Checking defaults for T1/cmr/m/n on input line 18.
LaTeX Font Info:    ... okay on input line 18.
LaTeX Font Info:    Checking defaults for OT1/cmr/m/n on input line 18.
LaTeX Font Info:    ... okay on input line 18.
LaTeX Font Info:    Checking defaults for OMS/cmsy/m/n on input line 18.
LaTeX Font Info:    ... okay on input line 18.
LaTeX Font Info:    Checking defaults for OMX/cmex/m/n on input line 18.
LaTeX Font Info:    ... okay on input line 18.
LaTeX Font Info:    Checking defaults for U/cmr/m/n on input line 18.
LaTeX Font Info:    ... okay on input line 18.
LaTeX Font Info:    Try loading font information for T1+ptm on input line 18.
 (/usr/local/texlive/2018/texmf-dist/tex/latex/psnfss/t1ptm.fd
File: t1ptm.fd 2001/06/04 font definitions for T1/ptm.
)
(/usr/local/texlive/2018/texmf-dist/tex/context/base/mkii/supp-pdf.mkii
[Loading MPS to PDF converter (version 2006.09.02).]
\scratchcounter=\count133
\scratchdimen=\dimen136
\scratchbox=\box59
\nofMPsegments=\count134
\nofMParguments=\count135
\everyMPshowfont=\toks26
\MPscratchCnt=\count136
\MPscratchDim=\dimen137
\MPnumerator=\count137
\makeMPintoPDFobject=\count138
\everyMPtoPDFconversion=\toks27
)
LaTeX Font Info:    Font shape `T1/ptm/bx/n' in size <14.4> not available
(Font)              Font shape `T1/ptm/b/n' tried instead on input line 37.
LaTeX Font Info:    Font shape `T1/ptm/bx/n' in size <12> not available
(Font)              Font shape `T1/ptm/b/n' tried instead on input line 39.
LaTeX Font Info:    Font shape `T1/ptm/bx/n' in size <10> not available
(Font)              Font shape `T1/ptm/b/n' tried instead on input line 41.
<intro.png, id=1, 1019.81pt x 774.895pt>
File: intro.png Graphic file (type png)
<use intro.png>
Package pdftex.def Info: intro.png  used on input line 51.
(pdftex.def)             Requested size: 305.94536pt x 232.47029pt.
LaTeX Font Info:    Font shape `T1/ptm/bx/n' in size <9> not available
(Font)              Font shape `T1/ptm/b/n' tried instead on input line 53.
<traceroute_a.png, id=3, 442.65375pt x 82.3075pt>
File: traceroute_a.png Graphic file (type png)
<use traceroute_a.png>
Package pdftex.def Info: traceroute_a.png  used on input line 61.
(pdftex.def)             Requested size: 239.02945pt x 44.44537pt.

Underfull \vbox (badness 1852) has occurred while \output is active []

 [1


{/usr/local/texlive/2018/texmf-var/fonts/map/pdftex/updmap/pdftex.map} <./intro
.png>]
<trafego_b.png, id=13, 1031.855pt x 282.05376pt>
File: trafego_b.png Graphic file (type png)
<use trafego_b.png>
Package pdftex.def Info: trafego_b.png  used on input line 88.
(pdftex.def)             Requested size: 412.73468pt x 112.81949pt.

Overfull \hbox (51.38469pt too wide) in paragraph at lines 88--89
 [] 
 []

<trafego_b2.png, id=14, 1030.85126pt x 120.45pt>
File: trafego_b2.png Graphic file (type png)
<use trafego_b2.png>
Package pdftex.def Info: trafego_b2.png  used on input line 96.
(pdftex.def)             Requested size: 412.33319pt x 48.17914pt.

Overfull \hbox (50.9832pt too wide) in paragraph at lines 96--97
 [] 
 []

[2 <./traceroute_a.png> <./trafego_b.png> <./trafego_b2.png>]
<shell_c.png, id=21, 407.5225pt x 56.21pt>
File: shell_c.png Graphic file (type png)
<use shell_c.png>
Package pdftex.def Info: shell_c.png  used on input line 120.
(pdftex.def)             Requested size: 220.05887pt x 30.35294pt.
<shell_d.png, id=22, 398.48875pt x 379.4175pt>
File: shell_d.png Graphic file (type png)
<use shell_d.png>
Package pdftex.def Info: shell_d.png  used on input line 142.
(pdftex.def)             Requested size: 215.18071pt x 204.88239pt.
<2.png, id=23, 1445.4pt x 903.375pt>
File: 2.png Graphic file (type png)
<use 2.png>
Package pdftex.def Info: 2.png  used on input line 153.
(pdftex.def)             Requested size: 433.62335pt x 271.01459pt.

Overfull \hbox (72.27336pt too wide) in paragraph at lines 153--154
[][] 
 []

[3 <./shell_c.png> <./shell_d.png>]
<2_a.png, id=29, 800.9925pt x 457.71pt>
File: 2_a.png Graphic file (type png)
<use 2_a.png>
Package pdftex.def Info: 2_a.png  used on input line 164.
(pdftex.def)             Requested size: 360.4433pt x 205.96759pt.
<2_b.png, id=30, 800.9925pt x 457.71pt>
File: 2_b.png Graphic file (type png)
<use 2_b.png>
Package pdftex.def Info: 2_b.png  used on input line 185.
(pdftex.def)             Requested size: 360.4433pt x 205.96759pt.

Underfull \vbox (badness 10000) has occurred while \output is active []

 [4 <./2.png>]
<2_c.png, id=35, 800.9925pt x 457.71pt>
File: 2_c.png Graphic file (type png)
<use 2_c.png>
Package pdftex.def Info: 2_c.png  used on input line 212.
(pdftex.def)             Requested size: 360.4433pt x 205.96759pt.

Underfull \vbox (badness 10000) has occurred while \output is active []

 [5 <./2_a.png> <./2_b.png>]
<2_d.png, id=41, 792.9625pt x 467.7475pt>
File: 2_d.png Graphic file (type png)
<use 2_d.png>
Package pdftex.def Info: 2_d.png  used on input line 228.
(pdftex.def)             Requested size: 356.82982pt x 210.48442pt.
 [6 <./2_c.png> <./2_d.png>]
<2_e.png, id=47, 1445.4pt x 903.375pt>
File: 2_e.png Graphic file (type png)
<use 2_e.png>
Package pdftex.def Info: 2_e.png  used on input line 263.
(pdftex.def)             Requested size: 433.62335pt x 271.01459pt.

Overfull \hbox (72.27336pt too wide) in paragraph at lines 263--264
 [] 
 []

<2_e_1.png, id=48, 791.95876pt x 269.005pt>
File: 2_e_1.png Graphic file (type png)
<use 2_e_1.png>
Package pdftex.def Info: 2_e_1.png  used on input line 270.
(pdftex.def)             Requested size: 356.37814pt x 121.05112pt.
<2_e_2.png, id=49, 789.95125pt x 265.99374pt>
File: 2_e_2.png Graphic file (type png)
<use 2_e_2.png>
Package pdftex.def Info: 2_e_2.png  used on input line 277.
(pdftex.def)             Requested size: 355.47478pt x 119.69608pt.

Underfull \vbox (badness 10000) has occurred while \output is active []

 [7 <./2_e.png> <./2_e_1.png>]
<2_e_3.png, id=56, 788.9475pt x 269.005pt>
File: 2_e_3.png Graphic file (type png)
<use 2_e_3.png>
Package pdftex.def Info: 2_e_3.png  used on input line 284.
(pdftex.def)             Requested size: 355.02309pt x 121.05112pt.
<2_g.png, id=57, 1445.4pt x 903.375pt>
File: 2_g.png Graphic file (type png)
<use 2_g.png>
Package pdftex.def Info: 2_g.png  used on input line 331.
(pdftex.def)             Requested size: 433.62335pt x 271.01459pt.

Overfull \hbox (72.27336pt too wide) in paragraph at lines 331--332
 [] 
 []


Underfull \vbox (badness 4995) has occurred while \output is active []

 [8 <./2_e_2.png> <./2_e_3.png>]
<2_g_1.png, id=63, 811.03pt x 297.11pt>
File: 2_g_1.png Graphic file (type png)
<use 2_g_1.png>
Package pdftex.def Info: 2_g_1.png  used on input line 338.
(pdftex.def)             Requested size: 364.96013pt x 133.69826pt.

Overfull \hbox (3.61014pt too wide) in paragraph at lines 338--339
 [] 
 []

<2_g_2.png, id=64, 786.94pt x 298.11375pt>
File: 2_g_2.png Graphic file (type png)
<use 2_g_2.png>
Package pdftex.def Info: 2_g_2.png  used on input line 345.
(pdftex.def)             Requested size: 354.11972pt x 134.14995pt.

Underfull \vbox (badness 10000) has occurred while \output is active []

 [9 <./2_g.png> <./2_g_1.png>]
<2_g_3.png, id=70, 788.9475pt x 302.12875pt>
File: 2_g_3.png Graphic file (type png)
<use 2_g_3.png>
Package pdftex.def Info: 2_g_3.png  used on input line 352.
(pdftex.def)             Requested size: 355.02309pt x 135.95668pt.

Underfull \hbox (badness 10000) in paragraph at lines 381--382

 []

[10 <./2_g_2.png> <./2_g_3.png>]
Overfull \hbox (12.87727pt too wide) in paragraph at lines 396--397
 \T1/ptm/b/n/10 b.[] \T1/ptm/m/it/10 Im-prima o primeiro frag-mento do data-gra
ma IP seg-men-tado. Que in-for-mação no cabeçalho
 []

<3_b.png, id=76, 787.94376pt x 384.43625pt>
File: 3_b.png Graphic file (type png)
<use 3_b.png>
Package pdftex.def Info: 3_b.png  used on input line 400.
(pdftex.def)             Requested size: 354.57141pt x 172.9947pt.
<3_c.png, id=77, 817.0525pt x 383.4325pt>
File: 3_c.png Graphic file (type png)
<use 3_c.png>
Package pdftex.def Info: 3_c.png  used on input line 422.
(pdftex.def)             Requested size: 367.67023pt x 172.54303pt.

Overfull \hbox (6.32024pt too wide) in paragraph at lines 422--423
 [] 
 []


Underfull \vbox (badness 10000) has occurred while \output is active []

 [11 <./3_b.png>]
<3_d.png, id=82, 790.955pt x 492.84125pt>
File: 3_d.png Graphic file (type png)
<use 3_d.png>
Package pdftex.def Info: 3_d.png  used on input line 437.
(pdftex.def)             Requested size: 316.3764pt x 197.133pt.
 [12 <./3_c.png> <./3_d.png>]
<3_e1.png, id=88, 785.93625pt x 382.42876pt>
File: 3_e1.png Graphic file (type png)
<use 3_e1.png>
Package pdftex.def Info: 3_e1.png  used on input line 460.
(pdftex.def)             Requested size: 314.36893pt x 152.96878pt.
<3_e2.png, id=89, 785.93625pt x 381.425pt>
File: 3_e2.png Graphic file (type png)
<use 3_e2.png>
Package pdftex.def Info: 3_e2.png  used on input line 467.
(pdftex.def)             Requested size: 314.36893pt x 152.56729pt.
<3_e3.png, id=90, 781.92125pt x 492.84125pt>
File: 3_e3.png Graphic file (type png)
<use 3_e3.png>
Package pdftex.def Info: 3_e3.png  used on input line 474.
(pdftex.def)             Requested size: 312.76295pt x 197.133pt.

Underfull \vbox (badness 10000) has occurred while \output is active []

 [13 <./3_e1.png> <./3_e2.png>] [14 <./3_e3.png>]
Underfull \hbox (badness 10000) in paragraph at lines 499--500

 []

<1_a.png, id=101, 977.6525pt x 730.73pt>
File: 1_a.png Graphic file (type png)
<use 1_a.png>
Package pdftex.def Info: 1_a.png  used on input line 505.
(pdftex.def)             Requested size: 244.41252pt x 182.68205pt.

Underfull \hbox (badness 10000) in paragraph at lines 515--516

 []


Underfull \hbox (badness 10000) in paragraph at lines 521--522

 []


Underfull \hbox (badness 10000) in paragraph at lines 533--534

 []

[15 <./1_a.png>]
<LC1_LA1.png, id=106, 483.8075pt x 252.945pt>
File: LC1_LA1.png Graphic file (type png)
<use LC1_LA1.png>
Package pdftex.def Info: LC1_LA1.png  used on input line 541.
(pdftex.def)             Requested size: 241.90315pt x 126.47218pt.
<LC1_S1.png, id=107, 485.815pt x 249.93375pt>
File: LC1_S1.png Graphic file (type png)
<use LC1_S1.png>
Package pdftex.def Info: LC1_S1.png  used on input line 548.
(pdftex.def)             Requested size: 242.9069pt x 124.96657pt.
<LC1_LB1.png, id=108, 484.81125pt x 249.93375pt>
File: LC1_LB1.png Graphic file (type png)
<use LC1_LB1.png>
Package pdftex.def Info: LC1_LB1.png  used on input line 558.
(pdftex.def)             Requested size: 242.40503pt x 124.96657pt.

Underfull \vbox (badness 10000) has occurred while \output is active []

 [16 <./LC1_LA1.png> <./LC1_S1.png>]
<LA1_LB1.png, id=114, 484.81125pt x 254.9525pt>
File: LA1_LB1.png Graphic file (type png)
<use LA1_LB1.png>
Package pdftex.def Info: LA1_LB1.png  used on input line 567.
(pdftex.def)             Requested size: 242.40503pt x 127.47592pt.
<LA1_S1.png, id=115, 484.81125pt x 251.94125pt>
File: LA1_S1.png Graphic file (type png)
<use LA1_S1.png>
Package pdftex.def Info: LA1_S1.png  used on input line 574.
(pdftex.def)             Requested size: 242.40503pt x 125.9703pt.
<LB1_S1.png, id=116, 485.815pt x 251.94125pt>
File: LB1_S1.png Graphic file (type png)
<use LB1_S1.png>
Package pdftex.def Info: LB1_S1.png  used on input line 583.
(pdftex.def)             Requested size: 242.9069pt x 125.9703pt.
 [17 <./LC1_LB1.png> <./LA1_LB1.png> <./LA1_S1.png>]
Underfull \hbox (badness 10000) in paragraph at lines 589--590

 []

<REXT_S1.png, id=123, 483.8075pt x 252.945pt>
File: REXT_S1.png Graphic file (type png)
<use REXT_S1.png>
Package pdftex.def Info: REXT_S1.png  used on input line 595.
(pdftex.def)             Requested size: 241.90315pt x 126.47218pt.

Underfull \hbox (badness 10000) in paragraph at lines 604--605

 []

<netstat_LA1.png, id=124, 482.80376pt x 114.4275pt>
File: netstat_LA1.png Graphic file (type png)
<use netstat_LA1.png>
Package pdftex.def Info: netstat_LA1.png  used on input line 610.
(pdftex.def)             Requested size: 241.40129pt x 57.21361pt.

Underfull \vbox (badness 5119) has occurred while \output is active []

 [18 <./LB1_S1.png> <./REXT_S1.png>]
<netstat_RA.png, id=130, 487.8225pt x 170.6375pt>
File: netstat_RA.png Graphic file (type png)
<use netstat_RA.png>
Package pdftex.def Info: netstat_RA.png  used on input line 617.
(pdftex.def)             Requested size: 292.69576pt x 102.38327pt.

Underfull \hbox (badness 10000) in paragraph at lines 627--628

 []

<2b1.png, id=131, 483.8075pt x 108.405pt>
File: 2b1.png Graphic file (type png)
<use 2b1.png>
Package pdftex.def Info: 2b1.png  used on input line 635.
(pdftex.def)             Requested size: 290.28674pt x 65.04349pt.

Underfull \vbox (badness 2753) has occurred while \output is active []

 [19 <./netstat_LA1.png> <./netstat_RA.png>]
<2b2.png, id=138, 482.80376pt x 146.5475pt>
File: 2b2.png Graphic file (type png)
<use 2b2.png>
Package pdftex.def Info: 2b2.png  used on input line 642.
(pdftex.def)             Requested size: 289.6845pt x 87.92915pt.

Underfull \hbox (badness 10000) in paragraph at lines 658--659

 []

<2c.png, id=139, 592.2125pt x 175.65625pt>
File: 2c.png Graphic file (type png)
<use 2c.png>
Package pdftex.def Info: 2c.png  used on input line 664.
(pdftex.def)             Requested size: 355.33023pt x 105.39455pt.
[20 <./2b1.png> <./2b2.png> <./2c.png>]
<2c_2.png, id=146, 483.8075pt x 120.45pt>
File: 2c_2.png Graphic file (type png)
<use 2c_2.png>
Package pdftex.def Info: 2c_2.png  used on input line 679.
(pdftex.def)             Requested size: 290.28674pt x 72.27054pt.
<2c_3.png, id=147, 485.815pt x 252.945pt>
File: 2c_3.png Graphic file (type png)
<use 2c_3.png>
Package pdftex.def Info: 2c_3.png  used on input line 686.
(pdftex.def)             Requested size: 291.49124pt x 151.76816pt.

Underfull \hbox (badness 10000) in paragraph at lines 692--693

 []

<2d.png, id=148, 593.21625pt x 173.64874pt>
File: 2d.png Graphic file (type png)
<use 2d.png>
Package pdftex.def Info: 2d.png  used on input line 698.
(pdftex.def)             Requested size: 355.9325pt x 104.19005pt.
[21 <./2c_2.png> <./2c_3.png>]
Underfull \hbox (badness 10000) in paragraph at lines 704--705

 []

<2e1.png, id=154, 593.21625pt x 247.92625pt>
File: 2e1.png Graphic file (type png)
<use 2e1.png>
Package pdftex.def Info: 2e1.png  used on input line 711.
(pdftex.def)             Requested size: 355.9325pt x 148.7569pt.
<2e2.png, id=155, 594.22pt x 112.42pt>
File: 2e2.png Graphic file (type png)
<use 2e2.png>
Package pdftex.def Info: 2e2.png  used on input line 718.
(pdftex.def)             Requested size: 356.53474pt x 67.45251pt.

Underfull \vbox (badness 4531) has occurred while \output is active []

 [22 <./2d.png> <./2e1.png> <./2e2.png>]
Underfull \hbox (badness 10000) in paragraph at lines 727--728

 []

<3_1.png, id=162, 974.64125pt x 746.79pt>
File: 3_1.png Graphic file (type png)
<use 3_1.png>
Package pdftex.def Info: 3_1.png  used on input line 734.
(pdftex.def)             Requested size: 389.8496pt x 298.7107pt.

Overfull \hbox (28.4996pt too wide) in paragraph at lines 734--735
 [] 
 []

[23 <./3_1.png>]
Underfull \hbox (badness 10000) in paragraph at lines 755--756

 []


Underfull \hbox (badness 10000) in paragraph at lines 763--764

 []

<3_LA1_LB1.png, id=167, 484.81125pt x 252.945pt>
File: 3_LA1_LB1.png Graphic file (type png)
<use 3_LA1_LB1.png>
Package pdftex.def Info: 3_LA1_LB1.png  used on input line 771.
(pdftex.def)             Requested size: 290.88899pt x 151.76816pt.
<3_LB1_LC1.png, id=168, 484.81125pt x 250.9375pt>
File: 3_LB1_LC1.png Graphic file (type png)
<use 3_LB1_LC1.png>
Package pdftex.def Info: 3_LB1_LC1.png  used on input line 778.
(pdftex.def)             Requested size: 290.88899pt x 150.56364pt.

Underfull \vbox (badness 6625) has occurred while \output is active []

 [24 <./3_LA1_LB1.png>]
<3_LC1_LA1.png, id=173, 483.8075pt x 248.93pt>
File: 3_LC1_LA1.png Graphic file (type png)
<use 3_LC1_LA1.png>
Package pdftex.def Info: 3_LC1_LA1.png  used on input line 785.
(pdftex.def)             Requested size: 290.28674pt x 149.35915pt.
 [25 <./3_LB1_LC1.png> <./3_LC1_LA1.png>] [26] (./RC-TP2-PL47.aux)

LaTeX Warning: There were multiply-defined labels.

 ) 
Here is how much of TeX's memory you used:
 3371 strings out of 492649
 44656 string characters out of 6129622
 116099 words of memory out of 5000000
 7159 multiletter control sequences out of 15000+600000
 30497 words of font info for 35 fonts, out of 8000000 for 9000
 1141 hyphenation exceptions out of 8191
 42i,7n,23p,866b,272s stack positions out of 5000i,500n,10000p,200000b,80000s
{/usr/local/texlive/2018/texmf-dist/fonts/enc/dvips/base/8r.enc}</usr/local/t
exlive/2018/texmf-dist/fonts/type1/urw/times/utmb8a.pfb></usr/local/texlive/201
8/texmf-dist/fonts/type1/urw/times/utmr8a.pfb></usr/local/texlive/2018/texmf-di
st/fonts/type1/urw/times/utmri8a.pfb>
Output written on RC-TP2-PL47.pdf (26 pages, 2683333 bytes).
PDF statistics:
 196 PDF objects out of 1000 (max. 8388607)
 70 compressed objects within 1 object stream
 0 named destinations out of 1000 (max. 500000)
 236 words of extra memory for PDF output out of 10000 (max. 10000000)

